0 info it worked if it ends with ok
1 verbose cli [ '/usr/local/bin/node', '/usr/local/bin/npm', 'install' ]
2 info using npm@3.3.12
3 info using node@v5.4.1
4 silly loadCurrentTree Starting
5 silly install loadCurrentTree
6 silly install readLocalPackageData
7 silly install normalizeTree
8 silly loadCurrentTree Finishing
9 silly loadIdealTree Starting
10 silly install loadIdealTree
11 silly cloneCurrentTree Starting
12 silly install cloneCurrentTreeToIdealTree
13 silly cloneCurrentTree Finishing
14 silly loadShrinkwrap Starting
15 silly install loadShrinkwrap
16 silly loadShrinkwrap Finishing
17 silly loadAllDepsIntoIdealTree Starting
18 silly install loadAllDepsIntoIdealTree
19 silly fetchNamedPackageData node
20 silly mapToRegistry name node
21 silly mapToRegistry using default registry
22 silly mapToRegistry registry https://registry.npmjs.org/
23 silly mapToRegistry uri https://registry.npmjs.org/node
24 verbose request uri https://registry.npmjs.org/node
25 verbose request no auth needed
26 info attempt registry request try #1 at 12:55:02 PM
27 verbose request id 5ea61520a1fb839f
28 verbose etag "4RB0I162TMBFF7IWMPCBRMD3L"
29 http request GET https://registry.npmjs.org/node
30 http 304 https://registry.npmjs.org/node
31 verbose headers { date: 'Tue, 19 Jan 2016 20:55:03 GMT',
31 verbose headers   via: '1.1 varnish',
31 verbose headers   'cache-control': 'max-age=300',
31 verbose headers   etag: '"4RB0I162TMBFF7IWMPCBRMD3L"',
31 verbose headers   age: '0',
31 verbose headers   connection: 'keep-alive',
31 verbose headers   'x-served-by': 'cache-lax1434-LAX',
31 verbose headers   'x-cache': 'HIT',
31 verbose headers   'x-cache-hits': '1',
31 verbose headers   'x-timer': 'S1453236903.115745,VS0,VE142',
31 verbose headers   vary: 'Accept' }
32 silly get cb [ 304,
32 silly get   { date: 'Tue, 19 Jan 2016 20:55:03 GMT',
32 silly get     via: '1.1 varnish',
32 silly get     'cache-control': 'max-age=300',
32 silly get     etag: '"4RB0I162TMBFF7IWMPCBRMD3L"',
32 silly get     age: '0',
32 silly get     connection: 'keep-alive',
32 silly get     'x-served-by': 'cache-lax1434-LAX',
32 silly get     'x-cache': 'HIT',
32 silly get     'x-cache-hits': '1',
32 silly get     'x-timer': 'S1453236903.115745,VS0,VE142',
32 silly get     vary: 'Accept' } ]
33 verbose etag https://registry.npmjs.org/node from cache
34 verbose get saving node to /Users/JuansMacbook/.npm/registry.npmjs.org/node/.cache.json
35 silly fetchPackageMetaData Error: No compatible version found: node@^5.4.1
35 silly fetchPackageMetaData Valid install targets:
35 silly fetchPackageMetaData 0.0.0
35 silly fetchPackageMetaData
35 silly fetchPackageMetaData     at pickVersionFromRegistryDocument (/usr/local/lib/node_modules/npm/lib/fetch-package-metadata.js:156:16)
35 silly fetchPackageMetaData     at /usr/local/lib/node_modules/npm/node_modules/iferr/index.js:13:50
35 silly fetchPackageMetaData     at /usr/local/lib/node_modules/npm/lib/utils/pulse-till-done.js:19:8
35 silly fetchPackageMetaData     at saved (/usr/local/lib/node_modules/npm/lib/cache/caching-client.js:168:7)
35 silly fetchPackageMetaData     at /usr/local/lib/node_modules/npm/node_modules/graceful-fs/polyfills.js:210:7
35 silly fetchPackageMetaData     at FSReqWrap.oncomplete (fs.js:82:15)
35 silly fetchPackageMetaData  error for node@^5.4.1 [Error: No compatible version found: node@^5.4.1
35 silly fetchPackageMetaData Valid install targets:
35 silly fetchPackageMetaData 0.0.0
35 silly fetchPackageMetaData ]
36 silly rollbackFailedOptional Starting
37 silly rollbackFailedOptional Finishing
38 silly runTopLevelLifecycles Starting
39 silly runTopLevelLifecycles Finishing
40 silly install printInstalled
41 verbose stack Error: No compatible version found: node@^5.4.1
41 verbose stack Valid install targets:
41 verbose stack 0.0.0
41 verbose stack
41 verbose stack     at pickVersionFromRegistryDocument (/usr/local/lib/node_modules/npm/lib/fetch-package-metadata.js:156:16)
41 verbose stack     at /usr/local/lib/node_modules/npm/node_modules/iferr/index.js:13:50
41 verbose stack     at /usr/local/lib/node_modules/npm/lib/utils/pulse-till-done.js:19:8
41 verbose stack     at saved (/usr/local/lib/node_modules/npm/lib/cache/caching-client.js:168:7)
41 verbose stack     at /usr/local/lib/node_modules/npm/node_modules/graceful-fs/polyfills.js:210:7
41 verbose stack     at FSReqWrap.oncomplete (fs.js:82:15)
42 verbose cwd /Users/JuansMacbook/DIYelpin
43 error Darwin 15.2.0
44 error argv "/usr/local/bin/node" "/usr/local/bin/npm" "install"
45 error node v5.4.1
46 error npm  v3.3.12
47 error No compatible version found: node@^5.4.1
47 error Valid install targets:
47 error 0.0.0
48 error If you need help, you may report this error at:
48 error     <https://github.com/npm/npm/issues>
49 verbose exit [ 1, true ]
